{"/Volumes/SSDMac/GitHub/crm-frontend/src/components/Card.tsx": {"path":"/Volumes/SSDMac/GitHub/crm-frontend/src/components/Card.tsx","statementMap":{"0":{"start":{"line":1,"column":0},"end":{"line":1,"column":33}},"1":{"start":{"line":2,"column":0},"end":{"line":2,"column":30}},"2":{"start":{"line":6,"column":13},"end":{"line":18,"column":2}},"3":{"start":{"line":9,"column":14},"end":{"line":9,"column":19}},"4":{"start":{"line":9,"column":24},"end":{"line":9,"column":28}},"5":{"start":{"line":9,"column":36},"end":{"line":18,"column":2}},"6":{"start":{"line":80,"column":9},"end":{"line":80,"column":13}},"7":{"start":{"line":19,"column":0},"end":{"line":19,"column":null}},"8":{"start":{"line":21,"column":19},"end":{"line":30,"column":2}},"9":{"start":{"line":24,"column":14},"end":{"line":24,"column":19}},"10":{"start":{"line":24,"column":24},"end":{"line":24,"column":28}},"11":{"start":{"line":24,"column":36},"end":{"line":30,"column":2}},"12":{"start":{"line":80,"column":15},"end":{"line":80,"column":25}},"13":{"start":{"line":31,"column":0},"end":{"line":31,"column":null}},"14":{"start":{"line":33,"column":18},"end":{"line":45,"column":2}},"15":{"start":{"line":36,"column":14},"end":{"line":36,"column":19}},"16":{"start":{"line":36,"column":24},"end":{"line":36,"column":28}},"17":{"start":{"line":36,"column":36},"end":{"line":45,"column":2}},"18":{"start":{"line":80,"column":39},"end":{"line":80,"column":48}},"19":{"start":{"line":46,"column":0},"end":{"line":46,"column":null}},"20":{"start":{"line":48,"column":24},"end":{"line":57,"column":2}},"21":{"start":{"line":51,"column":14},"end":{"line":51,"column":19}},"22":{"start":{"line":51,"column":24},"end":{"line":51,"column":28}},"23":{"start":{"line":51,"column":36},"end":{"line":57,"column":2}},"24":{"start":{"line":80,"column":50},"end":{"line":80,"column":65}},"25":{"start":{"line":58,"column":0},"end":{"line":58,"column":null}},"26":{"start":{"line":60,"column":20},"end":{"line":65,"column":2}},"27":{"start":{"line":63,"column":14},"end":{"line":63,"column":19}},"28":{"start":{"line":63,"column":24},"end":{"line":63,"column":28}},"29":{"start":{"line":63,"column":36},"end":{"line":65,"column":2}},"30":{"start":{"line":80,"column":67},"end":{"line":80,"column":78}},"31":{"start":{"line":66,"column":0},"end":{"line":66,"column":null}},"32":{"start":{"line":68,"column":19},"end":{"line":77,"column":2}},"33":{"start":{"line":71,"column":14},"end":{"line":71,"column":19}},"34":{"start":{"line":71,"column":24},"end":{"line":71,"column":28}},"35":{"start":{"line":71,"column":36},"end":{"line":77,"column":2}},"36":{"start":{"line":80,"column":27},"end":{"line":80,"column":37}},"37":{"start":{"line":78,"column":0},"end":{"line":78,"column":null}}},"fnMap":{"0":{"name":"(anonymous_10)","decl":{"start":{"line":9,"column":2},"end":{"line":9,"column":3}},"loc":{"start":{"line":9,"column":35},"end":{"line":18,"column":2}}},"1":{"name":"(anonymous_11)","decl":{"start":{"line":24,"column":2},"end":{"line":24,"column":3}},"loc":{"start":{"line":24,"column":35},"end":{"line":30,"column":2}}},"2":{"name":"(anonymous_12)","decl":{"start":{"line":36,"column":2},"end":{"line":36,"column":3}},"loc":{"start":{"line":36,"column":35},"end":{"line":45,"column":2}}},"3":{"name":"(anonymous_13)","decl":{"start":{"line":51,"column":2},"end":{"line":51,"column":3}},"loc":{"start":{"line":51,"column":35},"end":{"line":57,"column":2}}},"4":{"name":"(anonymous_14)","decl":{"start":{"line":63,"column":2},"end":{"line":63,"column":3}},"loc":{"start":{"line":63,"column":35},"end":{"line":65,"column":2}}},"5":{"name":"(anonymous_15)","decl":{"start":{"line":71,"column":2},"end":{"line":71,"column":3}},"loc":{"start":{"line":71,"column":35},"end":{"line":77,"column":2}}}},"branchMap":{},"s":{"0":1,"1":1,"2":1,"3":6,"4":6,"5":6,"6":1,"7":1,"8":1,"9":6,"10":6,"11":6,"12":1,"13":1,"14":1,"15":6,"16":6,"17":6,"18":1,"19":1,"20":1,"21":6,"22":6,"23":6,"24":1,"25":1,"26":1,"27":2,"28":2,"29":2,"30":1,"31":1,"32":1,"33":0,"34":0,"35":0,"36":1,"37":1},"f":{"0":6,"1":6,"2":6,"3":6,"4":2,"5":0},"b":{}}
,"/Volumes/SSDMac/GitHub/crm-frontend/src/components/ConfirmationModal.tsx": {"path":"/Volumes/SSDMac/GitHub/crm-frontend/src/components/ConfirmationModal.tsx","statementMap":{"0":{"start":{"line":15,"column":0},"end":{"line":15,"column":24}},"1":{"start":{"line":1,"column":0},"end":{"line":1,"column":48}},"2":{"start":{"line":2,"column":0},"end":{"line":2,"column":43}},"3":{"start":{"line":3,"column":0},"end":{"line":3,"column":69}},"4":{"start":{"line":5,"column":0},"end":{"line":5,"column":69}},"5":{"start":{"line":6,"column":0},"end":{"line":6,"column":29}},"6":{"start":{"line":21,"column":28},"end":{"line":21,"column":47}},"7":{"start":{"line":22,"column":50},"end":{"line":22,"column":74}},"8":{"start":{"line":23,"column":52},"end":{"line":23,"column":76}},"9":{"start":{"line":24,"column":42},"end":{"line":24,"column":66}},"10":{"start":{"line":27,"column":4},"end":{"line":35,"column":6}},"11":{"start":{"line":32,"column":22},"end":{"line":32,"column":72}},"12":{"start":{"line":32,"column":50},"end":{"line":32,"column":71}},"13":{"start":{"line":33,"column":8},"end":{"line":33,"column":null}},"14":{"start":{"line":33,"column":40},"end":{"line":33,"column":null}},"15":{"start":{"line":38,"column":4},"end":{"line":46,"column":6}},"16":{"start":{"line":42,"column":22},"end":{"line":42,"column":72}},"17":{"start":{"line":42,"column":50},"end":{"line":42,"column":71}},"18":{"start":{"line":44,"column":8},"end":{"line":44,"column":null}},"19":{"start":{"line":48,"column":26},"end":{"line":48,"column":65}},"20":{"start":{"line":49,"column":26},"end":{"line":49,"column":65}},"21":{"start":{"line":51,"column":2},"end":{"line":59,"column":null}},"22":{"start":{"line":53,"column":4},"end":{"line":53,"column":null}},"23":{"start":{"line":55,"column":4},"end":{"line":58,"column":null}},"24":{"start":{"line":56,"column":6},"end":{"line":56,"column":null}},"25":{"start":{"line":57,"column":6},"end":{"line":57,"column":null}},"26":{"start":{"line":62,"column":28},"end":{"line":62,"column":38}},"27":{"start":{"line":63,"column":21},"end":{"line":63,"column":79}},"28":{"start":{"line":65,"column":2},"end":{"line":82,"column":null}},"29":{"start":{"line":66,"column":4},"end":{"line":74,"column":5}},"30":{"start":{"line":67,"column":6},"end":{"line":73,"column":null}},"31":{"start":{"line":68,"column":8},"end":{"line":71,"column":9}},"32":{"start":{"line":68,"column":35},"end":{"line":68,"column":51}},"33":{"start":{"line":69,"column":10},"end":{"line":69,"column":null}},"34":{"start":{"line":69,"column":34},"end":{"line":69,"column":71}},"35":{"start":{"line":69,"column":54},"end":{"line":69,"column":70}},"36":{"start":{"line":70,"column":10},"end":{"line":70,"column":null}},"37":{"start":{"line":72,"column":8},"end":{"line":72,"column":null}},"38":{"start":{"line":84,"column":2},"end":{"line":137,"column":null}},"39":{"start":{"line":153,"column":2},"end":{"line":174,"column":null}}},"fnMap":{"0":{"name":"ConfirmationModal","decl":{"start":{"line":15,"column":24},"end":{"line":15,"column":41}},"loc":{"start":{"line":20,"column":25},"end":{"line":138,"column":1}}},"1":{"name":"(anonymous_2)","decl":{"start":{"line":30,"column":17},"end":{"line":30,"column":18}},"loc":{"start":{"line":30,"column":26},"end":{"line":34,"column":7}}},"2":{"name":"(anonymous_3)","decl":{"start":{"line":32,"column":32},"end":{"line":32,"column":33}},"loc":{"start":{"line":32,"column":50},"end":{"line":32,"column":71}}},"3":{"name":"(anonymous_4)","decl":{"start":{"line":41,"column":17},"end":{"line":41,"column":18}},"loc":{"start":{"line":41,"column":26},"end":{"line":45,"column":7}}},"4":{"name":"(anonymous_5)","decl":{"start":{"line":42,"column":32},"end":{"line":42,"column":33}},"loc":{"start":{"line":42,"column":50},"end":{"line":42,"column":71}}},"5":{"name":"(anonymous_6)","decl":{"start":{"line":51,"column":12},"end":{"line":51,"column":15}},"loc":{"start":{"line":51,"column":17},"end":{"line":59,"column":3}}},"6":{"name":"(anonymous_7)","decl":{"start":{"line":55,"column":15},"end":{"line":55,"column":18}},"loc":{"start":{"line":55,"column":20},"end":{"line":58,"column":5}}},"7":{"name":"(anonymous_8)","decl":{"start":{"line":65,"column":12},"end":{"line":65,"column":15}},"loc":{"start":{"line":65,"column":17},"end":{"line":75,"column":3}}},"8":{"name":"(anonymous_9)","decl":{"start":{"line":67,"column":19},"end":{"line":67,"column":20}},"loc":{"start":{"line":67,"column":33},"end":{"line":73,"column":7}}},"9":{"name":"(anonymous_10)","decl":{"start":{"line":68,"column":28},"end":{"line":68,"column":29}},"loc":{"start":{"line":68,"column":35},"end":{"line":68,"column":51}}},"10":{"name":"(anonymous_11)","decl":{"start":{"line":69,"column":23},"end":{"line":69,"column":24}},"loc":{"start":{"line":69,"column":34},"end":{"line":69,"column":71}}},"11":{"name":"(anonymous_12)","decl":{"start":{"line":69,"column":47},"end":{"line":69,"column":48}},"loc":{"start":{"line":69,"column":54},"end":{"line":69,"column":70}}},"12":{"name":"ValidationItem","decl":{"start":{"line":147,"column":9},"end":{"line":147,"column":23}},"loc":{"start":{"line":152,"column":22},"end":{"line":175,"column":1}}}},"branchMap":{"0":{"loc":{"start":{"line":33,"column":8},"end":{"line":33,"column":null}},"type":"if","locations":[{"start":{"line":33,"column":8},"end":{"line":33,"column":null}}]},"1":{"loc":{"start":{"line":48,"column":26},"end":{"line":48,"column":65}},"type":"binary-expr","locations":[{"start":{"line":48,"column":26},"end":{"line":48,"column":43}},{"start":{"line":48,"column":47},"end":{"line":48,"column":65}}]},"2":{"loc":{"start":{"line":49,"column":26},"end":{"line":49,"column":65}},"type":"binary-expr","locations":[{"start":{"line":49,"column":26},"end":{"line":49,"column":43}},{"start":{"line":49,"column":47},"end":{"line":49,"column":65}}]},"3":{"loc":{"start":{"line":63,"column":21},"end":{"line":63,"column":79}},"type":"binary-expr","locations":[{"start":{"line":63,"column":21},"end":{"line":63,"column":37}},{"start":{"line":63,"column":41},"end":{"line":63,"column":58}},{"start":{"line":63,"column":62},"end":{"line":63,"column":79}}]},"4":{"loc":{"start":{"line":66,"column":4},"end":{"line":74,"column":5}},"type":"if","locations":[{"start":{"line":66,"column":4},"end":{"line":74,"column":5}}]},"5":{"loc":{"start":{"line":66,"column":8},"end":{"line":66,"column":58}},"type":"binary-expr","locations":[{"start":{"line":66,"column":8},"end":{"line":66,"column":24}},{"start":{"line":66,"column":28},"end":{"line":66,"column":44}},{"start":{"line":66,"column":48},"end":{"line":66,"column":58}}]},"6":{"loc":{"start":{"line":68,"column":8},"end":{"line":71,"column":9}},"type":"if","locations":[{"start":{"line":68,"column":8},"end":{"line":71,"column":9}}]},"7":{"loc":{"start":{"line":105,"column":23},"end":{"line":105,"column":60}},"type":"binary-expr","locations":[{"start":{"line":105,"column":23},"end":{"line":105,"column":38}},{"start":{"line":105,"column":42},"end":{"line":105,"column":60}}]},"8":{"loc":{"start":{"line":120,"column":9},"end":{"line":125,"column":null}},"type":"binary-expr","locations":[{"start":{"line":120,"column":9},"end":{"line":120,"column":25}},{"start":{"line":120,"column":29},"end":{"line":120,"column":45}},{"start":{"line":120,"column":49},"end":{"line":120,"column":62}},{"start":{"line":121,"column":10},"end":{"line":124,"column":null}}]},"9":{"loc":{"start":{"line":122,"column":13},"end":{"line":124,"column":72}},"type":"cond-expr","locations":[{"start":{"line":123,"column":16},"end":{"line":123,"column":62}},{"start":{"line":124,"column":16},"end":{"line":124,"column":72}}]},"10":{"loc":{"start":{"line":158,"column":9},"end":{"line":159,"column":null}},"type":"binary-expr","locations":[{"start":{"line":158,"column":9},"end":{"line":158,"column":19}},{"start":{"line":158,"column":23},"end":{"line":158,"column":32}},{"start":{"line":159,"column":10},"end":{"line":159,"column":62}}]},"11":{"loc":{"start":{"line":163,"column":31},"end":{"line":163,"column":74}},"type":"cond-expr","locations":[{"start":{"line":163,"column":41},"end":{"line":163,"column":57}},{"start":{"line":163,"column":60},"end":{"line":163,"column":74}}]},"12":{"loc":{"start":{"line":165,"column":9},"end":{"line":170,"column":null}},"type":"cond-expr","locations":[{"start":{"line":166,"column":10},"end":{"line":166,"column":48}},{"start":{"line":167,"column":12},"end":{"line":170,"column":null}}]},"13":{"loc":{"start":{"line":167,"column":12},"end":{"line":170,"column":null}},"type":"cond-expr","locations":[{"start":{"line":168,"column":10},"end":{"line":168,"column":13}},{"start":{"line":170,"column":10},"end":{"line":170,"column":13}}]}},"s":{"0":3,"1":3,"2":3,"3":3,"4":3,"5":3,"6":11,"7":11,"8":11,"9":11,"10":11,"11":3,"12":2,"13":3,"14":1,"15":11,"16":3,"17":1,"18":3,"19":11,"20":11,"21":11,"22":8,"23":8,"24":0,"25":0,"26":11,"27":11,"28":11,"29":8,"30":1,"31":1,"32":0,"33":1,"34":0,"35":0,"36":1,"37":0,"38":11,"39":33},"f":{"0":11,"1":3,"2":2,"3":3,"4":1,"5":8,"6":0,"7":8,"8":1,"9":0,"10":0,"11":0,"12":33},"b":{"0":[1],"1":[11,7],"2":[11,7],"3":[11,1,1],"4":[1],"5":[8,6,6],"6":[1],"7":[11,7],"8":[11,7,7,5],"9":[0,5],"10":[33,21,7],"11":[3,30],"12":[12,21],"13":[2,19]}}
,"/Volumes/SSDMac/GitHub/crm-frontend/src/components/LeadList.tsx": {"path":"/Volumes/SSDMac/GitHub/crm-frontend/src/components/LeadList.tsx","statementMap":{"0":{"start":{"line":8,"column":0},"end":{"line":8,"column":24}},"1":{"start":{"line":1,"column":0},"end":{"line":1,"column":51}},"2":{"start":{"line":2,"column":0},"end":{"line":2,"column":39}},"3":{"start":{"line":3,"column":0},"end":{"line":3,"column":67}},"4":{"start":{"line":4,"column":0},"end":{"line":4,"column":32}},"5":{"start":{"line":5,"column":0},"end":{"line":5,"column":39}},"6":{"start":{"line":17,"column":42},"end":{"line":17,"column":69}},"7":{"start":{"line":19,"column":4},"end":{"line":19,"column":42}},"8":{"start":{"line":21,"column":2},"end":{"line":65,"column":null}},"9":{"start":{"line":45,"column":10},"end":{"line":47,"column":null}},"10":{"start":{"line":46,"column":27},"end":{"line":46,"column":48}},"11":{"start":{"line":59,"column":25},"end":{"line":59,"column":46}}},"fnMap":{"0":{"name":"LeadList","decl":{"start":{"line":8,"column":24},"end":{"line":8,"column":32}},"loc":{"start":{"line":16,"column":1},"end":{"line":66,"column":1}}},"1":{"name":"(anonymous_2)","decl":{"start":{"line":44,"column":17},"end":{"line":44,"column":18}},"loc":{"start":{"line":45,"column":10},"end":{"line":47,"column":null}}},"2":{"name":"(anonymous_3)","decl":{"start":{"line":46,"column":21},"end":{"line":46,"column":24}},"loc":{"start":{"line":46,"column":27},"end":{"line":46,"column":48}}},"3":{"name":"(anonymous_4)","decl":{"start":{"line":59,"column":19},"end":{"line":59,"column":22}},"loc":{"start":{"line":59,"column":25},"end":{"line":59,"column":46}}}},"branchMap":{"0":{"loc":{"start":{"line":55,"column":7},"end":{"line":62,"column":null}},"type":"binary-expr","locations":[{"start":{"line":55,"column":7},"end":{"line":55,"column":19}},{"start":{"line":56,"column":8},"end":{"line":57,"column":null}}]}},"s":{"0":2,"1":2,"2":2,"3":2,"4":2,"5":2,"6":8,"7":8,"8":8,"9":6,"10":2,"11":1},"f":{"0":8,"1":6,"2":2,"3":1},"b":{"0":[8,5]}}
,"/Volumes/SSDMac/GitHub/crm-frontend/src/components/Loader.tsx": {"path":"/Volumes/SSDMac/GitHub/crm-frontend/src/components/Loader.tsx","statementMap":{"0":{"start":{"line":5,"column":0},"end":{"line":5,"column":24}},"1":{"start":{"line":6,"column":2},"end":{"line":28,"column":null}}},"fnMap":{"0":{"name":"Loader","decl":{"start":{"line":5,"column":24},"end":{"line":5,"column":30}},"loc":{"start":{"line":5,"column":77},"end":{"line":29,"column":1}}}},"branchMap":{"0":{"loc":{"start":{"line":5,"column":33},"end":{"line":5,"column":62}},"type":"default-arg","locations":[{"start":{"line":5,"column":45},"end":{"line":5,"column":62}}]}},"s":{"0":3,"1":16},"f":{"0":16},"b":{"0":[4]}}
,"/Volumes/SSDMac/GitHub/crm-frontend/src/components/MainTable.tsx": {"path":"/Volumes/SSDMac/GitHub/crm-frontend/src/components/MainTable.tsx","statementMap":{"0":{"start":{"line":16,"column":0},"end":{"line":16,"column":16}},"1":{"start":{"line":23,"column":2},"end":{"line":90,"column":null}},"2":{"start":{"line":30,"column":14},"end":{"line":31,"column":null}},"3":{"start":{"line":36,"column":33},"end":{"line":36,"column":47}},"4":{"start":{"line":61,"column":12},"end":{"line":61,"column":30}},"5":{"start":{"line":63,"column":16},"end":{"line":64,"column":null}}},"fnMap":{"0":{"name":"MainTable","decl":{"start":{"line":16,"column":16},"end":{"line":16,"column":25}},"loc":{"start":{"line":22,"column":16},"end":{"line":91,"column":1}}},"1":{"name":"(anonymous_1)","decl":{"start":{"line":29,"column":25},"end":{"line":29,"column":26}},"loc":{"start":{"line":30,"column":14},"end":{"line":31,"column":null}}},"2":{"name":"(anonymous_2)","decl":{"start":{"line":36,"column":27},"end":{"line":36,"column":30}},"loc":{"start":{"line":36,"column":33},"end":{"line":36,"column":47}}},"3":{"name":"(anonymous_3)","decl":{"start":{"line":60,"column":20},"end":{"line":60,"column":21}},"loc":{"start":{"line":61,"column":12},"end":{"line":61,"column":30}}},"4":{"name":"(anonymous_4)","decl":{"start":{"line":62,"column":27},"end":{"line":62,"column":28}},"loc":{"start":{"line":63,"column":16},"end":{"line":64,"column":null}}}},"branchMap":{"0":{"loc":{"start":{"line":41,"column":21},"end":{"line":45,"column":27}},"type":"cond-expr","locations":[{"start":{"line":42,"column":24},"end":{"line":44,"column":29}},{"start":{"line":45,"column":24},"end":{"line":45,"column":27}}]},"1":{"loc":{"start":{"line":42,"column":24},"end":{"line":44,"column":29}},"type":"cond-expr","locations":[{"start":{"line":43,"column":26},"end":{"line":43,"column":29}},{"start":{"line":44,"column":26},"end":{"line":44,"column":29}}]},"2":{"loc":{"start":{"line":51,"column":13},"end":{"line":54,"column":null}},"type":"binary-expr","locations":[{"start":{"line":51,"column":13},"end":{"line":51,"column":20}},{"start":{"line":52,"column":14},"end":{"line":52,"column":null}}]},"3":{"loc":{"start":{"line":70,"column":15},"end":{"line":73,"column":null}},"type":"binary-expr","locations":[{"start":{"line":70,"column":15},"end":{"line":70,"column":22}},{"start":{"line":71,"column":16},"end":{"line":72,"column":null}}]},"4":{"loc":{"start":{"line":77,"column":11},"end":{"line":85,"column":null}},"type":"binary-expr","locations":[{"start":{"line":77,"column":11},"end":{"line":77,"column":28}},{"start":{"line":78,"column":12},"end":{"line":84,"column":null}}]},"5":{"loc":{"start":{"line":80,"column":43},"end":{"line":80,"column":58}},"type":"cond-expr","locations":[{"start":{"line":80,"column":53},"end":{"line":80,"column":54}},{"start":{"line":80,"column":57},"end":{"line":80,"column":58}}]}},"s":{"0":2,"1":6,"2":42,"3":0,"4":6,"5":42},"f":{"0":6,"1":42,"2":0,"3":6,"4":42},"b":{"0":[0,42],"1":[0,0],"2":[6,6],"3":[6,6],"4":[6,0],"5":[0,0]}}
,"/Volumes/SSDMac/GitHub/crm-frontend/src/components/ProspectList.tsx": {"path":"/Volumes/SSDMac/GitHub/crm-frontend/src/components/ProspectList.tsx","statementMap":{"0":{"start":{"line":6,"column":0},"end":{"line":6,"column":24}},"1":{"start":{"line":1,"column":0},"end":{"line":1,"column":39}},"2":{"start":{"line":2,"column":0},"end":{"line":2,"column":39}},"3":{"start":{"line":3,"column":0},"end":{"line":3,"column":67}},"4":{"start":{"line":12,"column":4},"end":{"line":12,"column":46}},"5":{"start":{"line":14,"column":2},"end":{"line":44,"column":null}}},"fnMap":{"0":{"name":"ProspectList","decl":{"start":{"line":6,"column":24},"end":{"line":6,"column":36}},"loc":{"start":{"line":10,"column":1},"end":{"line":45,"column":1}}}},"branchMap":{"0":{"loc":{"start":{"line":16,"column":7},"end":{"line":41,"column":null}},"type":"cond-expr","locations":[{"start":{"line":17,"column":8},"end":{"line":36,"column":null}},{"start":{"line":39,"column":8},"end":{"line":39,"column":null}}]}},"s":{"0":1,"1":1,"2":1,"3":1,"4":1,"5":1},"f":{"0":1},"b":{"0":[0,1]}}
,"/Volumes/SSDMac/GitHub/crm-frontend/src/components/SearchInput.tsx": {"path":"/Volumes/SSDMac/GitHub/crm-frontend/src/components/SearchInput.tsx","statementMap":{"0":{"start":{"line":9,"column":48},"end":{"line":23,"column":1}},"1":{"start":{"line":14,"column":2},"end":{"line":22,"column":null}},"2":{"start":{"line":25,"column":0},"end":{"line":25,"column":null}}},"fnMap":{"0":{"name":"(anonymous_0)","decl":{"start":{"line":9,"column":48},"end":{"line":9,"column":49}},"loc":{"start":{"line":13,"column":5},"end":{"line":23,"column":1}}}},"branchMap":{"0":{"loc":{"start":{"line":12,"column":2},"end":{"line":12,"column":46}},"type":"default-arg","locations":[{"start":{"line":12,"column":16},"end":{"line":12,"column":46}}]}},"s":{"0":2,"1":6,"2":2},"f":{"0":6},"b":{"0":[6]}}
,"/Volumes/SSDMac/GitHub/crm-frontend/src/components/Tabs.tsx": {"path":"/Volumes/SSDMac/GitHub/crm-frontend/src/components/Tabs.tsx","statementMap":{"0":{"start":{"line":3,"column":0},"end":{"line":3,"column":30}},"1":{"start":{"line":4,"column":0},"end":{"line":4,"column":53}},"2":{"start":{"line":5,"column":0},"end":{"line":5,"column":33}},"3":{"start":{"line":7,"column":13},"end":{"line":7,"column":31}},"4":{"start":{"line":50,"column":9},"end":{"line":50,"column":13}},"5":{"start":{"line":9,"column":17},"end":{"line":18,"column":2}},"6":{"start":{"line":12,"column":14},"end":{"line":12,"column":19}},"7":{"start":{"line":12,"column":24},"end":{"line":12,"column":28}},"8":{"start":{"line":12,"column":36},"end":{"line":18,"column":2}},"9":{"start":{"line":50,"column":15},"end":{"line":50,"column":23}},"10":{"start":{"line":19,"column":0},"end":{"line":19,"column":null}},"11":{"start":{"line":21,"column":20},"end":{"line":35,"column":2}},"12":{"start":{"line":24,"column":14},"end":{"line":24,"column":19}},"13":{"start":{"line":24,"column":24},"end":{"line":24,"column":28}},"14":{"start":{"line":24,"column":36},"end":{"line":35,"column":2}},"15":{"start":{"line":50,"column":25},"end":{"line":50,"column":36}},"16":{"start":{"line":36,"column":0},"end":{"line":36,"column":null}},"17":{"start":{"line":38,"column":20},"end":{"line":47,"column":2}},"18":{"start":{"line":41,"column":14},"end":{"line":41,"column":19}},"19":{"start":{"line":41,"column":24},"end":{"line":41,"column":28}},"20":{"start":{"line":41,"column":36},"end":{"line":47,"column":2}},"21":{"start":{"line":50,"column":38},"end":{"line":50,"column":49}},"22":{"start":{"line":48,"column":0},"end":{"line":48,"column":null}}},"fnMap":{"0":{"name":"(anonymous_10)","decl":{"start":{"line":12,"column":2},"end":{"line":12,"column":3}},"loc":{"start":{"line":12,"column":35},"end":{"line":18,"column":2}}},"1":{"name":"(anonymous_11)","decl":{"start":{"line":24,"column":2},"end":{"line":24,"column":3}},"loc":{"start":{"line":24,"column":35},"end":{"line":35,"column":2}}},"2":{"name":"(anonymous_12)","decl":{"start":{"line":41,"column":2},"end":{"line":41,"column":3}},"loc":{"start":{"line":41,"column":35},"end":{"line":47,"column":2}}}},"branchMap":{},"s":{"0":1,"1":1,"2":1,"3":1,"4":1,"5":1,"6":5,"7":5,"8":5,"9":1,"10":1,"11":1,"12":10,"13":10,"14":10,"15":1,"16":1,"17":1,"18":10,"19":10,"20":10,"21":1,"22":1},"f":{"0":5,"1":10,"2":10},"b":{}}
,"/Volumes/SSDMac/GitHub/crm-frontend/src/hooks/useSortTable.ts": {"path":"/Volumes/SSDMac/GitHub/crm-frontend/src/hooks/useSortTable.ts","statementMap":{"0":{"start":{"line":9,"column":0},"end":{"line":9,"column":16}},"1":{"start":{"line":2,"column":0},"end":{"line":2,"column":45}},"2":{"start":{"line":10,"column":38},"end":{"line":10,"column":58}},"3":{"start":{"line":11,"column":42},"end":{"line":11,"column":64}},"4":{"start":{"line":12,"column":38},"end":{"line":15,"column":4}},"5":{"start":{"line":17,"column":2},"end":{"line":19,"column":13}},"6":{"start":{"line":18,"column":4},"end":{"line":18,"column":26}},"7":{"start":{"line":22,"column":20},"end":{"line":46,"column":3}},"8":{"start":{"line":23,"column":36},"end":{"line":23,"column":41}},"9":{"start":{"line":24,"column":4},"end":{"line":26,"column":5}},"10":{"start":{"line":25,"column":6},"end":{"line":25,"column":25}},"11":{"start":{"line":28,"column":23},"end":{"line":42,"column":6}},"12":{"start":{"line":29,"column":6},"end":{"line":41,"column":7}},"13":{"start":{"line":30,"column":8},"end":{"line":32,"column":44}},"14":{"start":{"line":33,"column":13},"end":{"line":41,"column":7}},"15":{"start":{"line":34,"column":8},"end":{"line":36,"column":68}},"16":{"start":{"line":38,"column":8},"end":{"line":40,"column":57}},"17":{"start":{"line":44,"column":4},"end":{"line":44,"column":32}},"18":{"start":{"line":45,"column":4},"end":{"line":45,"column":38}},"19":{"start":{"line":49,"column":24},"end":{"line":50,"column":56}},"20":{"start":{"line":50,"column":4},"end":{"line":50,"column":56}},"21":{"start":{"line":53,"column":23},"end":{"line":67,"column":3}},"22":{"start":{"line":54,"column":18},"end":{"line":54,"column":61}},"23":{"start":{"line":55,"column":4},"end":{"line":55,"column":34}},"24":{"start":{"line":57,"column":4},"end":{"line":66,"column":5}},"25":{"start":{"line":58,"column":6},"end":{"line":58,"column":28}},"26":{"start":{"line":60,"column":30},"end":{"line":63,"column":null}},"27":{"start":{"line":62,"column":10},"end":{"line":63,"column":68}},"28":{"start":{"line":65,"column":6},"end":{"line":65,"column":39}},"29":{"start":{"line":69,"column":2},"end":{"line":69,"column":75}}},"fnMap":{"0":{"name":"useSortableLeadsOrProspects","decl":{"start":{"line":9,"column":16},"end":{"line":9,"column":43}},"loc":{"start":{"line":9,"column":56},"end":{"line":70,"column":1}}},"1":{"name":"(anonymous_1)","decl":{"start":{"line":17,"column":12},"end":{"line":17,"column":15}},"loc":{"start":{"line":17,"column":17},"end":{"line":19,"column":3}}},"2":{"name":"(anonymous_2)","decl":{"start":{"line":22,"column":20},"end":{"line":22,"column":21}},"loc":{"start":{"line":22,"column":40},"end":{"line":46,"column":3}}},"3":{"name":"(anonymous_3)","decl":{"start":{"line":28,"column":46},"end":{"line":28,"column":47}},"loc":{"start":{"line":28,"column":55},"end":{"line":42,"column":5}}},"4":{"name":"(anonymous_4)","decl":{"start":{"line":49,"column":24},"end":{"line":49,"column":25}},"loc":{"start":{"line":50,"column":4},"end":{"line":50,"column":56}}},"5":{"name":"(anonymous_5)","decl":{"start":{"line":53,"column":23},"end":{"line":53,"column":24}},"loc":{"start":{"line":53,"column":66},"end":{"line":67,"column":3}}},"6":{"name":"(anonymous_6)","decl":{"start":{"line":61,"column":8},"end":{"line":61,"column":9}},"loc":{"start":{"line":62,"column":10},"end":{"line":63,"column":68}}}},"branchMap":{"0":{"loc":{"start":{"line":24,"column":4},"end":{"line":26,"column":5}},"type":"if","locations":[{"start":{"line":24,"column":4},"end":{"line":26,"column":5}}]},"1":{"loc":{"start":{"line":24,"column":8},"end":{"line":24,"column":64}},"type":"binary-expr","locations":[{"start":{"line":24,"column":8},"end":{"line":24,"column":30}},{"start":{"line":24,"column":34},"end":{"line":24,"column":64}}]},"2":{"loc":{"start":{"line":29,"column":6},"end":{"line":41,"column":7}},"type":"if","locations":[{"start":{"line":29,"column":6},"end":{"line":41,"column":7}},{"start":{"line":33,"column":13},"end":{"line":41,"column":7}}]},"3":{"loc":{"start":{"line":29,"column":10},"end":{"line":29,"column":51}},"type":"binary-expr","locations":[{"start":{"line":29,"column":10},"end":{"line":29,"column":34}},{"start":{"line":29,"column":38},"end":{"line":29,"column":51}}]},"4":{"loc":{"start":{"line":30,"column":15},"end":{"line":32,"column":43}},"type":"cond-expr","locations":[{"start":{"line":31,"column":12},"end":{"line":31,"column":43}},{"start":{"line":32,"column":12},"end":{"line":32,"column":43}}]},"5":{"loc":{"start":{"line":33,"column":13},"end":{"line":41,"column":7}},"type":"if","locations":[{"start":{"line":33,"column":13},"end":{"line":41,"column":7}},{"start":{"line":37,"column":13},"end":{"line":41,"column":7}}]},"6":{"loc":{"start":{"line":34,"column":15},"end":{"line":36,"column":67}},"type":"cond-expr","locations":[{"start":{"line":35,"column":12},"end":{"line":35,"column":67}},{"start":{"line":36,"column":12},"end":{"line":36,"column":67}}]},"7":{"loc":{"start":{"line":38,"column":15},"end":{"line":40,"column":56}},"type":"cond-expr","locations":[{"start":{"line":39,"column":12},"end":{"line":39,"column":56}},{"start":{"line":40,"column":12},"end":{"line":40,"column":56}}]},"8":{"loc":{"start":{"line":57,"column":4},"end":{"line":66,"column":5}},"type":"if","locations":[{"start":{"line":57,"column":4},"end":{"line":66,"column":5}},{"start":{"line":59,"column":11},"end":{"line":66,"column":5}}]},"9":{"loc":{"start":{"line":62,"column":10},"end":{"line":63,"column":68}},"type":"binary-expr","locations":[{"start":{"line":62,"column":10},"end":{"line":62,"column":69}},{"start":{"line":63,"column":10},"end":{"line":63,"column":68}}]}},"s":{"0":3,"1":3,"2":22,"3":22,"4":22,"5":22,"6":10,"7":22,"8":4,"9":4,"10":1,"11":4,"12":10,"13":2,"14":8,"15":3,"16":5,"17":4,"18":4,"19":22,"20":7,"21":22,"22":2,"23":2,"24":2,"25":1,"26":1,"27":3,"28":1,"29":22},"f":{"0":22,"1":10,"2":4,"3":10,"4":7,"5":2,"6":3},"b":{"0":[1],"1":[4,1],"2":[2,8],"3":[10,10],"4":[2,0],"5":[3,5],"6":[3,0],"7":[3,2],"8":[1,1],"9":[3,2]}}
,"/Volumes/SSDMac/GitHub/crm-frontend/src/lib/utils.ts": {"path":"/Volumes/SSDMac/GitHub/crm-frontend/src/lib/utils.ts","statementMap":{"0":{"start":{"line":4,"column":0},"end":{"line":4,"column":16}},"1":{"start":{"line":1,"column":0},"end":{"line":1,"column":44}},"2":{"start":{"line":2,"column":0},"end":{"line":2,"column":40}},"3":{"start":{"line":5,"column":2},"end":{"line":5,"column":null}}},"fnMap":{"0":{"name":"cn","decl":{"start":{"line":4,"column":16},"end":{"line":4,"column":18}},"loc":{"start":{"line":4,"column":42},"end":{"line":6,"column":1}}}},"branchMap":{},"s":{"0":1,"1":1,"2":1,"3":51},"f":{"0":51},"b":{}}
,"/Volumes/SSDMac/GitHub/crm-frontend/src/pages/HomeScreen.tsx": {"path":"/Volumes/SSDMac/GitHub/crm-frontend/src/pages/HomeScreen.tsx","statementMap":{"0":{"start":{"line":16,"column":0},"end":{"line":16,"column":24}},"1":{"start":{"line":1,"column":0},"end":{"line":1,"column":77}},"2":{"start":{"line":2,"column":0},"end":{"line":2,"column":null}},"3":{"start":{"line":9,"column":0},"end":{"line":9,"column":45}},"4":{"start":{"line":10,"column":0},"end":{"line":10,"column":53}},"5":{"start":{"line":11,"column":0},"end":{"line":11,"column":43}},"6":{"start":{"line":12,"column":0},"end":{"line":12,"column":48}},"7":{"start":{"line":13,"column":0},"end":{"line":13,"column":57}},"8":{"start":{"line":14,"column":0},"end":{"line":14,"column":41}},"9":{"start":{"line":17,"column":37},"end":{"line":17,"column":57}},"10":{"start":{"line":18,"column":28},"end":{"line":18,"column":57}},"11":{"start":{"line":20,"column":49},"end":{"line":23,"column":4}},"12":{"start":{"line":26,"column":2},"end":{"line":30,"column":null}},"13":{"start":{"line":27,"column":4},"end":{"line":29,"column":5}},"14":{"start":{"line":28,"column":6},"end":{"line":28,"column":null}},"15":{"start":{"line":31,"column":2},"end":{"line":82,"column":null}}},"fnMap":{"0":{"name":"HomeScreen","decl":{"start":{"line":16,"column":24},"end":{"line":16,"column":34}},"loc":{"start":{"line":16,"column":34},"end":{"line":83,"column":1}}},"1":{"name":"(anonymous_2)","decl":{"start":{"line":26,"column":12},"end":{"line":26,"column":15}},"loc":{"start":{"line":26,"column":17},"end":{"line":30,"column":3}}}},"branchMap":{"0":{"loc":{"start":{"line":20,"column":27},"end":{"line":20,"column":44}},"type":"default-arg","locations":[{"start":{"line":20,"column":42},"end":{"line":20,"column":44}}]},"1":{"loc":{"start":{"line":27,"column":4},"end":{"line":29,"column":5}},"type":"if","locations":[{"start":{"line":27,"column":4},"end":{"line":29,"column":5}}]},"2":{"loc":{"start":{"line":27,"column":8},"end":{"line":27,"column":49}},"type":"binary-expr","locations":[{"start":{"line":27,"column":8},"end":{"line":27,"column":22}},{"start":{"line":27,"column":26},"end":{"line":27,"column":49}}]},"3":{"loc":{"start":{"line":51,"column":15},"end":{"line":62,"column":null}},"type":"cond-expr","locations":[{"start":{"line":52,"column":16},"end":{"line":52,"column":26}},{"start":{"line":54,"column":16},"end":{"line":61,"column":null}}]},"4":{"loc":{"start":{"line":51,"column":15},"end":{"line":51,"column":42}},"type":"binary-expr","locations":[{"start":{"line":51,"column":15},"end":{"line":51,"column":24}},{"start":{"line":51,"column":28},"end":{"line":51,"column":42}}]},"5":{"loc":{"start":{"line":57,"column":31},"end":{"line":57,"column":42}},"type":"binary-expr","locations":[{"start":{"line":57,"column":31},"end":{"line":57,"column":36}},{"start":{"line":57,"column":40},"end":{"line":57,"column":42}}]}},"s":{"0":1,"1":1,"2":1,"3":1,"4":1,"5":1,"6":1,"7":1,"8":1,"9":5,"10":5,"11":5,"12":5,"13":5,"14":1,"15":5},"f":{"0":5,"1":5},"b":{"0":[3],"1":[1],"2":[5,4],"3":[4,1],"4":[5,4],"5":[1,0]}}
,"/Volumes/SSDMac/GitHub/crm-frontend/src/services/get/getJudicialRecord.ts": {"path":"/Volumes/SSDMac/GitHub/crm-frontend/src/services/get/getJudicialRecord.ts","statementMap":{"0":{"start":{"line":1,"column":0},"end":{"line":1,"column":62}},"1":{"start":{"line":5,"column":33},"end":{"line":12,"column":2}},"2":{"start":{"line":5,"column":61},"end":{"line":12,"column":2}},"3":{"start":{"line":6,"column":2},"end":{"line":11,"column":5}},"4":{"start":{"line":7,"column":4},"end":{"line":10,"column":13}},"5":{"start":{"line":8,"column":8},"end":{"line":8,"column":33}},"6":{"start":{"line":5,"column":13},"end":{"line":5,"column":33}}},"fnMap":{"0":{"name":"(anonymous_8)","decl":{"start":{"line":5,"column":33},"end":{"line":5,"column":59}},"loc":{"start":{"line":5,"column":61},"end":{"line":12,"column":2}}},"1":{"name":"(anonymous_9)","decl":{"start":{"line":5,"column":61},"end":{"line":5,"column":null}},"loc":{"start":{"line":5,"column":61},"end":{"line":12,"column":1}}},"2":{"name":"(anonymous_10)","decl":{"start":{"line":6,"column":21},"end":{"line":6,"column":22}},"loc":{"start":{"line":6,"column":33},"end":{"line":11,"column":3}}},"3":{"name":"(anonymous_11)","decl":{"start":{"line":7,"column":15},"end":{"line":7,"column":18}},"loc":{"start":{"line":7,"column":20},"end":{"line":10,"column":5}}}},"branchMap":{},"s":{"0":3,"1":3,"2":3,"3":3,"4":3,"5":1,"6":3},"f":{"0":3,"1":3,"2":3,"3":1},"b":{}}
,"/Volumes/SSDMac/GitHub/crm-frontend/src/services/get/getLeads.ts": {"path":"/Volumes/SSDMac/GitHub/crm-frontend/src/services/get/getLeads.ts","statementMap":{"0":{"start":{"line":1,"column":0},"end":{"line":1,"column":51}},"1":{"start":{"line":14,"column":24},"end":{"line":24,"column":2}},"2":{"start":{"line":14,"column":52},"end":{"line":24,"column":2}},"3":{"start":{"line":15,"column":2},"end":{"line":23,"column":5}},"4":{"start":{"line":16,"column":4},"end":{"line":22,"column":13}},"5":{"start":{"line":17,"column":6},"end":{"line":21,"column":7}},"6":{"start":{"line":18,"column":8},"end":{"line":18,"column":51}},"7":{"start":{"line":20,"column":8},"end":{"line":20,"column":27}},"8":{"start":{"line":14,"column":13},"end":{"line":14,"column":24}}},"fnMap":{"0":{"name":"(anonymous_8)","decl":{"start":{"line":14,"column":24},"end":{"line":14,"column":50}},"loc":{"start":{"line":14,"column":52},"end":{"line":24,"column":2}}},"1":{"name":"(anonymous_9)","decl":{"start":{"line":14,"column":52},"end":{"line":14,"column":null}},"loc":{"start":{"line":14,"column":52},"end":{"line":24,"column":1}}},"2":{"name":"(anonymous_10)","decl":{"start":{"line":15,"column":21},"end":{"line":15,"column":22}},"loc":{"start":{"line":15,"column":41},"end":{"line":23,"column":3}}},"3":{"name":"(anonymous_11)","decl":{"start":{"line":16,"column":15},"end":{"line":16,"column":18}},"loc":{"start":{"line":16,"column":20},"end":{"line":22,"column":5}}}},"branchMap":{"0":{"loc":{"start":{"line":17,"column":6},"end":{"line":21,"column":7}},"type":"if","locations":[{"start":{"line":17,"column":6},"end":{"line":21,"column":7}},{"start":{"line":19,"column":13},"end":{"line":21,"column":7}}]}},"s":{"0":2,"1":2,"2":2,"3":2,"4":2,"5":2,"6":1,"7":1,"8":2},"f":{"0":2,"1":2,"2":2,"3":2},"b":{"0":[1,1]}}
,"/Volumes/SSDMac/GitHub/crm-frontend/src/services/get/getNationalRecord.ts": {"path":"/Volumes/SSDMac/GitHub/crm-frontend/src/services/get/getNationalRecord.ts","statementMap":{"0":{"start":{"line":2,"column":0},"end":{"line":2,"column":62}},"1":{"start":{"line":5,"column":33},"end":{"line":11,"column":2}},"2":{"start":{"line":5,"column":61},"end":{"line":11,"column":2}},"3":{"start":{"line":6,"column":2},"end":{"line":10,"column":5}},"4":{"start":{"line":7,"column":4},"end":{"line":9,"column":13}},"5":{"start":{"line":8,"column":8},"end":{"line":8,"column":33}},"6":{"start":{"line":5,"column":13},"end":{"line":5,"column":33}}},"fnMap":{"0":{"name":"(anonymous_8)","decl":{"start":{"line":5,"column":33},"end":{"line":5,"column":59}},"loc":{"start":{"line":5,"column":61},"end":{"line":11,"column":2}}},"1":{"name":"(anonymous_9)","decl":{"start":{"line":5,"column":61},"end":{"line":5,"column":null}},"loc":{"start":{"line":5,"column":61},"end":{"line":11,"column":1}}},"2":{"name":"(anonymous_10)","decl":{"start":{"line":6,"column":21},"end":{"line":6,"column":22}},"loc":{"start":{"line":6,"column":33},"end":{"line":10,"column":3}}},"3":{"name":"(anonymous_11)","decl":{"start":{"line":7,"column":15},"end":{"line":7,"column":18}},"loc":{"start":{"line":7,"column":20},"end":{"line":9,"column":5}}}},"branchMap":{},"s":{"0":3,"1":3,"2":3,"3":3,"4":3,"5":1,"6":3},"f":{"0":3,"1":3,"2":3,"3":1},"b":{}}
}
