TN:
SF:src/components/Card.tsx
FN:9,(anonymous_10)
FN:24,(anonymous_11)
FN:36,(anonymous_12)
FN:51,(anonymous_13)
FN:63,(anonymous_14)
FN:71,(anonymous_15)
FNF:6
FNH:5
FNDA:6,(anonymous_10)
FNDA:6,(anonymous_11)
FNDA:6,(anonymous_12)
FNDA:6,(anonymous_13)
FNDA:2,(anonymous_14)
FNDA:0,(anonymous_15)
DA:1,1
DA:2,1
DA:6,1
DA:9,6
DA:19,1
DA:21,1
DA:24,6
DA:31,1
DA:33,1
DA:36,6
DA:46,1
DA:48,1
DA:51,6
DA:58,1
DA:60,1
DA:63,2
DA:66,1
DA:68,1
DA:71,0
DA:78,1
DA:80,1
LF:21
LH:20
BRF:0
BRH:0
end_of_record
TN:
SF:src/components/ConfirmationModal.tsx
FN:15,ConfirmationModal
FN:30,(anonymous_2)
FN:32,(anonymous_3)
FN:41,(anonymous_4)
FN:42,(anonymous_5)
FN:51,(anonymous_6)
FN:55,(anonymous_7)
FN:65,(anonymous_8)
FN:67,(anonymous_9)
FN:68,(anonymous_10)
FN:69,(anonymous_11)
FN:69,(anonymous_12)
FN:147,ValidationItem
FNF:13
FNH:9
FNDA:11,ConfirmationModal
FNDA:3,(anonymous_2)
FNDA:2,(anonymous_3)
FNDA:3,(anonymous_4)
FNDA:1,(anonymous_5)
FNDA:8,(anonymous_6)
FNDA:0,(anonymous_7)
FNDA:8,(anonymous_8)
FNDA:1,(anonymous_9)
FNDA:0,(anonymous_10)
FNDA:0,(anonymous_11)
FNDA:0,(anonymous_12)
FNDA:33,ValidationItem
DA:1,3
DA:2,3
DA:3,3
DA:5,3
DA:6,3
DA:15,3
DA:21,11
DA:22,11
DA:23,11
DA:24,11
DA:27,11
DA:32,3
DA:33,3
DA:38,11
DA:42,3
DA:44,3
DA:48,11
DA:49,11
DA:51,11
DA:53,8
DA:55,8
DA:56,0
DA:57,0
DA:62,11
DA:63,11
DA:65,11
DA:66,8
DA:67,1
DA:68,1
DA:69,1
DA:70,1
DA:72,0
DA:84,11
DA:153,33
LF:34
LH:31
BRDA:33,0,0,1
BRDA:48,1,0,11
BRDA:48,1,1,7
BRDA:49,2,0,11
BRDA:49,2,1,7
BRDA:63,3,0,11
BRDA:63,3,1,1
BRDA:63,3,2,1
BRDA:66,4,0,1
BRDA:66,5,0,8
BRDA:66,5,1,6
BRDA:66,5,2,6
BRDA:68,6,0,1
BRDA:105,7,0,11
BRDA:105,7,1,7
BRDA:120,8,0,11
BRDA:120,8,1,7
BRDA:120,8,2,7
BRDA:120,8,3,5
BRDA:122,9,0,0
BRDA:122,9,1,5
BRDA:158,10,0,33
BRDA:158,10,1,21
BRDA:158,10,2,7
BRDA:163,11,0,3
BRDA:163,11,1,30
BRDA:165,12,0,12
BRDA:165,12,1,21
BRDA:167,13,0,2
BRDA:167,13,1,19
BRF:30
BRH:29
end_of_record
TN:
SF:src/components/LeadList.tsx
FN:8,LeadList
FN:44,(anonymous_2)
FN:46,(anonymous_3)
FN:59,(anonymous_4)
FNF:4
FNH:4
FNDA:8,LeadList
FNDA:6,(anonymous_2)
FNDA:2,(anonymous_3)
FNDA:1,(anonymous_4)
DA:1,2
DA:2,2
DA:3,2
DA:4,2
DA:5,2
DA:8,2
DA:17,8
DA:19,8
DA:21,8
DA:45,6
DA:46,2
DA:59,1
LF:12
LH:12
BRDA:55,0,0,8
BRDA:55,0,1,5
BRF:2
BRH:2
end_of_record
TN:
SF:src/components/Loader.tsx
FN:5,Loader
FNF:1
FNH:1
FNDA:16,Loader
DA:5,3
DA:6,16
LF:2
LH:2
BRDA:5,0,0,4
BRF:1
BRH:1
end_of_record
TN:
SF:src/components/MainTable.tsx
FN:16,MainTable
FN:29,(anonymous_1)
FN:36,(anonymous_2)
FN:60,(anonymous_3)
FN:62,(anonymous_4)
FNF:5
FNH:4
FNDA:6,MainTable
FNDA:42,(anonymous_1)
FNDA:0,(anonymous_2)
FNDA:6,(anonymous_3)
FNDA:42,(anonymous_4)
DA:16,2
DA:23,6
DA:30,42
DA:36,0
DA:61,6
DA:63,42
LF:6
LH:5
BRDA:41,0,0,0
BRDA:41,0,1,42
BRDA:42,1,0,0
BRDA:42,1,1,0
BRDA:51,2,0,6
BRDA:51,2,1,6
BRDA:70,3,0,6
BRDA:70,3,1,6
BRDA:77,4,0,6
BRDA:77,4,1,0
BRDA:80,5,0,0
BRDA:80,5,1,0
BRF:12
BRH:6
end_of_record
TN:
SF:src/components/ProspectList.tsx
FN:6,ProspectList
FNF:1
FNH:1
FNDA:1,ProspectList
DA:1,1
DA:2,1
DA:3,1
DA:6,1
DA:12,1
DA:14,1
LF:6
LH:6
BRDA:16,0,0,0
BRDA:16,0,1,1
BRF:2
BRH:1
end_of_record
TN:
SF:src/components/SearchInput.tsx
FN:9,(anonymous_0)
FNF:1
FNH:1
FNDA:6,(anonymous_0)
DA:9,2
DA:14,6
DA:25,2
LF:3
LH:3
BRDA:12,0,0,6
BRF:1
BRH:1
end_of_record
TN:
SF:src/components/Tabs.tsx
FN:12,(anonymous_10)
FN:24,(anonymous_11)
FN:41,(anonymous_12)
FNF:3
FNH:3
FNDA:5,(anonymous_10)
FNDA:10,(anonymous_11)
FNDA:10,(anonymous_12)
DA:3,1
DA:4,1
DA:5,1
DA:7,1
DA:9,1
DA:12,5
DA:19,1
DA:21,1
DA:24,10
DA:36,1
DA:38,1
DA:41,10
DA:48,1
DA:50,1
LF:14
LH:14
BRF:0
BRH:0
end_of_record
TN:
SF:src/hooks/useSortTable.ts
FN:9,useSortableLeadsOrProspects
FN:17,(anonymous_1)
FN:22,(anonymous_2)
FN:28,(anonymous_3)
FN:49,(anonymous_4)
FN:53,(anonymous_5)
FN:61,(anonymous_6)
FNF:7
FNH:7
FNDA:22,useSortableLeadsOrProspects
FNDA:10,(anonymous_1)
FNDA:4,(anonymous_2)
FNDA:10,(anonymous_3)
FNDA:7,(anonymous_4)
FNDA:2,(anonymous_5)
FNDA:3,(anonymous_6)
DA:2,3
DA:9,3
DA:10,22
DA:11,22
DA:12,22
DA:17,22
DA:18,10
DA:22,22
DA:23,4
DA:24,4
DA:25,1
DA:28,4
DA:29,10
DA:30,2
DA:33,8
DA:34,3
DA:38,5
DA:44,4
DA:45,4
DA:49,22
DA:50,7
DA:53,22
DA:54,2
DA:55,2
DA:57,2
DA:58,1
DA:60,1
DA:62,3
DA:65,1
DA:69,22
LF:30
LH:30
BRDA:24,0,0,1
BRDA:24,1,0,4
BRDA:24,1,1,1
BRDA:29,2,0,2
BRDA:29,2,1,8
BRDA:29,3,0,10
BRDA:29,3,1,10
BRDA:30,4,0,2
BRDA:30,4,1,0
BRDA:33,5,0,3
BRDA:33,5,1,5
BRDA:34,6,0,3
BRDA:34,6,1,0
BRDA:38,7,0,3
BRDA:38,7,1,2
BRDA:57,8,0,1
BRDA:57,8,1,1
BRDA:62,9,0,3
BRDA:62,9,1,2
BRF:19
BRH:17
end_of_record
TN:
SF:src/lib/utils.ts
FN:4,cn
FNF:1
FNH:1
FNDA:51,cn
DA:1,1
DA:2,1
DA:4,1
DA:5,51
LF:4
LH:4
BRF:0
BRH:0
end_of_record
TN:
SF:src/pages/HomeScreen.tsx
FN:16,HomeScreen
FN:26,(anonymous_2)
FNF:2
FNH:2
FNDA:5,HomeScreen
FNDA:5,(anonymous_2)
DA:1,1
DA:2,1
DA:9,1
DA:10,1
DA:11,1
DA:12,1
DA:13,1
DA:14,1
DA:16,1
DA:17,5
DA:18,5
DA:20,5
DA:26,5
DA:27,5
DA:28,1
DA:31,5
LF:16
LH:16
BRDA:20,0,0,3
BRDA:27,1,0,1
BRDA:27,2,0,5
BRDA:27,2,1,4
BRDA:51,3,0,4
BRDA:51,3,1,1
BRDA:51,4,0,5
BRDA:51,4,1,4
BRDA:57,5,0,1
BRDA:57,5,1,0
BRF:10
BRH:9
end_of_record
TN:
SF:src/services/get/getJudicialRecord.ts
FN:5,(anonymous_8)
FN:5,(anonymous_9)
FN:6,(anonymous_10)
FN:7,(anonymous_11)
FNF:4
FNH:4
FNDA:3,(anonymous_8)
FNDA:3,(anonymous_9)
FNDA:3,(anonymous_10)
FNDA:1,(anonymous_11)
DA:1,3
DA:5,3
DA:6,3
DA:7,3
DA:8,1
LF:5
LH:5
BRF:0
BRH:0
end_of_record
TN:
SF:src/services/get/getLeads.ts
FN:14,(anonymous_8)
FN:14,(anonymous_9)
FN:15,(anonymous_10)
FN:16,(anonymous_11)
FNF:4
FNH:4
FNDA:2,(anonymous_8)
FNDA:2,(anonymous_9)
FNDA:2,(anonymous_10)
FNDA:2,(anonymous_11)
DA:1,2
DA:14,2
DA:15,2
DA:16,2
DA:17,2
DA:18,1
DA:20,1
LF:7
LH:7
BRDA:17,0,0,1
BRDA:17,0,1,1
BRF:2
BRH:2
end_of_record
TN:
SF:src/services/get/getNationalRecord.ts
FN:5,(anonymous_8)
FN:5,(anonymous_9)
FN:6,(anonymous_10)
FN:7,(anonymous_11)
FNF:4
FNH:4
FNDA:3,(anonymous_8)
FNDA:3,(anonymous_9)
FNDA:3,(anonymous_10)
FNDA:1,(anonymous_11)
DA:2,3
DA:5,3
DA:6,3
DA:7,3
DA:8,1
LF:5
LH:5
BRF:0
BRH:0
end_of_record
